
=== Thu Sep 18 16:22:56 2025

Packages were changed.
Update Mode: mergeDefaultDependencies

The following packages were added:
  com.unity.modules.ai@1.0.0
  com.unity.modules.androidjni@1.0.0
  com.unity.modules.animation@1.0.0
  com.unity.modules.assetbundle@1.0.0
  com.unity.modules.audio@1.0.0
  com.unity.modules.cloth@1.0.0
  com.unity.modules.director@1.0.0
  com.unity.modules.imageconversion@1.0.0
  com.unity.modules.imgui@1.0.0
  com.unity.modules.jsonserialize@1.0.0
  com.unity.modules.particlesystem@1.0.0
  com.unity.modules.physics@1.0.0
  com.unity.modules.physics2d@1.0.0
  com.unity.modules.screencapture@1.0.0
  com.unity.modules.terrain@1.0.0
  com.unity.modules.terrainphysics@1.0.0
  com.unity.modules.tilemap@1.0.0
  com.unity.modules.ui@1.0.0
  com.unity.modules.uielements@1.0.0
  com.unity.modules.umbra@1.0.0
  com.unity.modules.unityanalytics@1.0.0
  com.unity.modules.unitywebrequest@1.0.0
  com.unity.modules.unitywebrequestassetbundle@1.0.0
  com.unity.modules.unitywebrequestaudio@1.0.0
  com.unity.modules.unitywebrequesttexture@1.0.0
  com.unity.modules.unitywebrequestwww@1.0.0
  com.unity.modules.vehicles@1.0.0
  com.unity.modules.video@1.0.0
  com.unity.modules.vr@1.0.0
  com.unity.modules.wind@1.0.0
  com.unity.modules.xr@1.0.0
The following packages were updated:
  com.unity.collab-proxy from version 1.13.5 to 2.7.1
  com.unity.textmeshpro from version 3.0.6 to 3.0.7
  com.unity.timeline from version 1.6.2 to 1.7.7
  com.unity.visualscripting from version 1.7.6 to 1.9.4

=== Thu Sep 18 16:46:21 2025

Packages were changed.
Update Mode: updateDependencies

The following packages were updated:
  com.unity.2d.animation from version 9.1.1 to 9.2.0
  com.unity.2d.aseprite from version 1.1.4 to 1.1.9
  com.unity.2d.common from version 8.0.3 to 8.1.0
  com.unity.2d.pixel-perfect from version 5.0.3 to 5.1.0
  com.unity.2d.psdimporter from version 8.0.5 to 8.1.0
  com.unity.2d.spriteshape from version 9.0.4 to 9.1.0
  com.unity.2d.tilemap.extras from version 3.1.2 to 3.1.3
  com.unity.burst from version 1.8.17 to 1.8.21
  com.unity.collab-proxy from version 2.4.4 to 2.7.1
  com.unity.inputsystem from version 1.7.0 to 1.14.0
  com.unity.render-pipelines.core from version 14.0.11 to 14.0.12
  com.unity.render-pipelines.universal from version 14.0.11 to 14.0.12
  com.unity.shadergraph from version 14.0.11 to 14.0.12
  com.unity.textmeshpro from version 3.0.6 to 3.0.7
  com.unity.timeline from version 1.7.6 to 1.7.7
  com.unity.visualeffectgraph from version 14.0.11 to 14.0.12

=== Thu Sep 18 16:46:21 2025

Packages were changed.
Update Mode: mergeDefaultDependencies

The following packages were added:
  com.unity.2d.animation@9.2.0
  com.unity.2d.aseprite@1.1.9
  com.unity.2d.common@8.1.0
  com.unity.2d.pixel-perfect@5.1.0
  com.unity.2d.psdimporter@8.1.0
  com.unity.2d.sprite@1.0.0
  com.unity.2d.spriteshape@9.1.0
  com.unity.2d.tilemap@1.0.0
  com.unity.2d.tilemap.extras@3.1.3
  com.unity.burst@1.8.21
  com.unity.collections@1.2.4
  com.unity.ext.nunit@1.0.6
  com.unity.feature.2d@2.0.1
  com.unity.ide.visualstudio@2.0.22
  com.unity.inputsystem@1.14.0
  com.unity.mathematics@1.2.6
  com.unity.render-pipelines.core@14.0.12
  com.unity.render-pipelines.universal@14.0.12
  com.unity.render-pipelines.universal-config@14.0.10
  com.unity.searcher@4.9.2
  com.unity.shadergraph@14.0.12
  com.unity.sysroot@2.0.7
  com.unity.sysroot.linux-x86_64@2.0.6
  com.unity.test-framework@1.1.33
  com.unity.toolchain.win-x86_64-linux-x86_64@2.0.6
  com.unity.visualeffectgraph@14.0.12
  com.unity.modules.subsystems@1.0.0
